[debug] [2021-12-18T15:04:58.746Z] ----------------------------------------------------------------------
[debug] [2021-12-18T15:04:58.749Z] Command:       C:\Program Files\nodejs\node.exe C:\Users\Mzr\AppData\Roaming\npm\node_modules\firebase-tools\lib\bin\firebase.js functions:shell
[debug] [2021-12-18T15:04:58.750Z] CLI Version:   9.23.3
[debug] [2021-12-18T15:04:58.750Z] Platform:      win32
[debug] [2021-12-18T15:04:58.750Z] Node Version:  v16.13.1
[debug] [2021-12-18T15:04:58.751Z] Time:          Sat Dec 18 2021 20:04:58 GMT+0500 (Pakistan Standard Time)
[debug] [2021-12-18T15:04:58.752Z] ----------------------------------------------------------------------
[debug] 
[debug] [2021-12-18T15:04:58.811Z] > command requires scopes: ["email","openid","https://www.googleapis.com/auth/cloudplatformprojects.readonly","https://www.googleapis.com/auth/firebase","https://www.googleapis.com/auth/cloud-platform"]
[debug] [2021-12-18T15:04:58.812Z] > authorizing via signed-in user (mzr.ali@gmail.com)
[debug] [2021-12-18T15:04:58.812Z] [iam] checking project drusman for permissions ["firebase.projects.get"]
[debug] [2021-12-18T15:04:58.815Z] > refreshing access token with scopes: ["email","https://www.googleapis.com/auth/cloud-platform","https://www.googleapis.com/auth/cloudplatformprojects.readonly","https://www.googleapis.com/auth/firebase","openid"]
[debug] [2021-12-18T15:04:58.816Z] >>> HTTP REQUEST POST https://www.googleapis.com/oauth2/v3/token  
 <request body omitted>
[debug] [2021-12-18T15:04:59.721Z] <<< HTTP RESPONSE 200 {"pragma":"no-cache","date":"Sat, 18 Dec 2021 15:05:00 GMT","cache-control":"no-cache, no-store, max-age=0, must-revalidate","expires":"Mon, 01 Jan 1990 00:00:00 GMT","content-type":"application/json; charset=utf-8","vary":"X-Origin, Referer, Origin,Accept-Encoding","server":"scaffolding on HTTPServer2","x-xss-protection":"0","x-frame-options":"SAMEORIGIN","x-content-type-options":"nosniff","alt-svc":"h3=\":443\"; ma=2592000,h3-29=\":443\"; ma=2592000,h3-Q050=\":443\"; ma=2592000,h3-Q046=\":443\"; ma=2592000,h3-Q043=\":443\"; ma=2592000,quic=\":443\"; ma=2592000; v=\"46,43\"","accept-ranges":"none","transfer-encoding":"chunked"}
[debug] [2021-12-18T15:04:59.814Z] >>> HTTP REQUEST POST https://cloudresourcemanager.googleapis.com/v1/projects/drusman:testIamPermissions  
 {"permissions":["firebase.projects.get"]}
[debug] [2021-12-18T15:05:01.721Z] <<< HTTP RESPONSE 200 {"content-type":"application/json; charset=UTF-8","vary":"X-Origin, Referer, Origin,Accept-Encoding","date":"Sat, 18 Dec 2021 15:05:02 GMT","server":"ESF","cache-control":"private","x-xss-protection":"0","x-frame-options":"SAMEORIGIN","x-content-type-options":"nosniff","server-timing":"gfet4t7; dur=1189","alt-svc":"h3=\":443\"; ma=2592000,h3-29=\":443\"; ma=2592000,h3-Q050=\":443\"; ma=2592000,h3-Q046=\":443\"; ma=2592000,h3-Q043=\":443\"; ma=2592000,quic=\":443\"; ma=2592000; v=\"46,43\"","accept-ranges":"none","transfer-encoding":"chunked"}
[warn] !  Your requested "node" version "14" doesn't match your global version "16" {"metadata":{"emulator":{"name":"functions"},"message":"Your requested \"node\" version \"14\" doesn't match your global version \"16\""}}
[debug] [2021-12-18T15:05:01.737Z] defaultcredentials: writing to file C:\Users\Mzr\AppData\Roaming\firebase\mzr_ali_gmail.com_application_default_credentials.json
[debug] [2021-12-18T15:05:01.739Z] DEBUG: Setting GAC to C:\Users\Mzr\AppData\Roaming\firebase\mzr_ali_gmail.com_application_default_credentials.json
[debug] [2021-12-18T15:05:01.740Z] > refreshing access token with scopes: []
[debug] [2021-12-18T15:05:01.740Z] >>> HTTP REQUEST POST https://www.googleapis.com/oauth2/v3/token  
 <request body omitted>
[debug] [2021-12-18T15:05:02.420Z] <<< HTTP RESPONSE 200 {"expires":"Mon, 01 Jan 1990 00:00:00 GMT","pragma":"no-cache","cache-control":"no-cache, no-store, max-age=0, must-revalidate","date":"Sat, 18 Dec 2021 15:05:02 GMT","content-type":"application/json; charset=utf-8","vary":"X-Origin, Referer, Origin,Accept-Encoding","server":"scaffolding on HTTPServer2","x-xss-protection":"0","x-frame-options":"SAMEORIGIN","x-content-type-options":"nosniff","alt-svc":"h3=\":443\"; ma=2592000,h3-29=\":443\"; ma=2592000,h3-Q050=\":443\"; ma=2592000,h3-Q046=\":443\"; ma=2592000,h3-Q043=\":443\"; ma=2592000,quic=\":443\"; ma=2592000; v=\"46,43\"","accept-ranges":"none","transfer-encoding":"chunked"}
[debug] [2021-12-18T15:05:02.499Z] >>> [apiv2][query] GET https://firebase.googleapis.com/v1beta1/projects/drusman/adminSdkConfig [none]
[debug] [2021-12-18T15:05:03.370Z] <<< [apiv2][status] GET https://firebase.googleapis.com/v1beta1/projects/drusman/adminSdkConfig 200
[debug] [2021-12-18T15:05:03.370Z] <<< [apiv2][body] GET https://firebase.googleapis.com/v1beta1/projects/drusman/adminSdkConfig {"projectId":"drusman","storageBucket":"drusman.appspot.com","locationId":"asia-east2"}
[debug] [2021-12-18T15:05:03.406Z] [functions] Watching "D:\doctor\functions" for Cloud Functions...
[debug] [2021-12-18T15:05:03.417Z] DEBUG: [worker-pool] addWorker(~diagnostic~)
[debug] [2021-12-18T15:05:03.417Z] DEBUG: [worker-pool] Adding worker with key ~diagnostic~, total=1
[debug] [2021-12-18T15:05:03.417Z] DEBUG: [worker-pool] submitWork(triggerId=)
[debug] [2021-12-18T15:05:03.417Z] DEBUG: [worker-~diagnostic~-af0a9e6a-1b6d-4fa5-8d05-dce534402060]: Assigning socketPath: \\?\pipe\D:\doctor\functions\7056
[debug] [2021-12-18T15:05:03.418Z] DEBUG: [worker-~diagnostic~-af0a9e6a-1b6d-4fa5-8d05-dce534402060]: BUSY
[debug] [2021-12-18T15:05:03.614Z] DEBUG: [runtime-status] [7056] Functions runtime initialized. {"cwd":"D:\\doctor\\functions","node_version":"16.13.1"}
[debug] [2021-12-18T15:05:03.615Z] DEBUG: [runtime-status] [7056] Disabled runtime features: undefined
[debug] [2021-12-18T15:05:03.618Z] DEBUG: [runtime-status] [7056] Resolved module firebase-admin {"declared":true,"installed":true,"version":"9.12.0","resolution":"D:\\doctor\\functions\\node_modules\\firebase-admin\\lib\\index.js"}
[debug] [2021-12-18T15:05:03.621Z] DEBUG: [runtime-status] [7056] Resolved module firebase-functions {"declared":true,"installed":true,"version":"3.16.0","resolution":"D:\\doctor\\functions\\node_modules\\firebase-functions\\lib\\index.js"}
[debug] [2021-12-18T15:05:03.623Z] DEBUG: [runtime-status] [7056] Outgoing network have been stubbed. [{"name":"http","status":"mocked"},{"name":"http","status":"mocked"},{"name":"https","status":"mocked"},{"name":"https","status":"mocked"},{"name":"net","status":"mocked"}]
[debug] [2021-12-18T15:05:03.624Z] DEBUG: [runtime-status] [7056] Resolved module firebase-functions {"declared":true,"installed":true,"version":"3.16.0","resolution":"D:\\doctor\\functions\\node_modules\\firebase-functions\\lib\\index.js"}
[debug] [2021-12-18T15:05:03.688Z] DEBUG: [runtime-status] [7056] Checked functions.config() {"config":{}}
[debug] [2021-12-18T15:05:03.689Z] DEBUG: [runtime-status] [7056] firebase-functions has been stubbed. {"functionsResolution":{"declared":true,"installed":true,"version":"3.16.0","resolution":"D:\\doctor\\functions\\node_modules\\firebase-functions\\lib\\index.js"}}
[debug] [2021-12-18T15:05:03.690Z] DEBUG: [runtime-status] [7056] Resolved module firebase-functions {"declared":true,"installed":true,"version":"3.16.0","resolution":"D:\\doctor\\functions\\node_modules\\firebase-functions\\lib\\index.js"}
[debug] [2021-12-18T15:05:03.692Z] DEBUG: [runtime-status] [7056] Resolved module firebase-admin {"declared":true,"installed":true,"version":"9.12.0","resolution":"D:\\doctor\\functions\\node_modules\\firebase-admin\\lib\\index.js"}
[debug] [2021-12-18T15:05:03.693Z] DEBUG: [runtime-status] [7056] Resolved module firebase-functions {"declared":true,"installed":true,"version":"3.16.0","resolution":"D:\\doctor\\functions\\node_modules\\firebase-functions\\lib\\index.js"}
[debug] [2021-12-18T15:05:03.694Z] DEBUG: [runtime-status] [7056] firebase-admin has been stubbed. {"adminResolution":{"declared":true,"installed":true,"version":"9.12.0","resolution":"D:\\doctor\\functions\\node_modules\\firebase-admin\\lib\\index.js"}}
[debug] [2021-12-18T15:05:03.780Z] [functions[us-central1-sendEmail]] http function initialized (http://localhost:5000/drusman/us-central1/sendEmail).
[info] i  functions: Loaded functions: sendEmail 
[warn] !  functions: The following emulators are not running, calls to these services will affect production: firestore, database, pubsub, storage 
[debug] [2021-12-18T15:05:03.909Z] DEBUG: [worker-~diagnostic~-af0a9e6a-1b6d-4fa5-8d05-dce534402060]: IDLE
[debug] [2021-12-18T15:05:48.374Z] [functions] Stopping Functions Emulator
